<?xml version="1.0" encoding="UTF-8"?>
<!-- Generated by org.testng.reporters.JUnitReportReporter -->
<testsuite hostname="SUDHIR-PC" failures="0" tests="4" name="Runner.Facebookruneer" time="115.148" errors="0" timestamp="2022-07-25T16:12:56 IST" skipped="0">
  <testcase classname="Runner.Facebookruneer" name="runScenario" time="24.843"/>
  <system-out/>
  <testcase classname="Runner.Facebookruneer" name="runScenario" time="8.177"/>
  <system-out/>
  <testcase classname="Runner.Facebookruneer" name="runScenario" time="66.075"/>
  <system-out/>
  <testcase classname="Runner.Facebookruneer" name="runScenario" time="16.053"/>
  <system-out/>
</testsuite> <!-- Runner.Facebookruneer -->
