<?xml version="1.0" encoding="UTF-8"?>
<!-- Generated by org.testng.reporters.JUnitReportReporter -->
<testsuite hostname="SUDHIR-PC" failures="0" tests="4" name="Runner.Facebookruneer" time="138.588" errors="0" timestamp="2022-07-25T13:01:38 IST" skipped="0">
  <testcase classname="Runner.Facebookruneer" name="runScenario" time="24.668"/>
  <system-out/>
  <testcase classname="Runner.Facebookruneer" name="runScenario" time="76.508"/>
  <system-out/>
  <testcase classname="Runner.Facebookruneer" name="runScenario" time="22.795"/>
  <system-out/>
  <testcase classname="Runner.Facebookruneer" name="runScenario" time="14.617"/>
  <system-out/>
</testsuite> <!-- Runner.Facebookruneer -->
