<?xml version="1.0" encoding="UTF-8"?>
<!-- Generated by org.testng.reporters.JUnitReportReporter -->
<testsuite hostname="SUDHIR-PC" failures="0" tests="1" name="Runner.LoginRunner" time="24.963" errors="0" timestamp="2022-07-17T18:47:08 IST" skipped="0">
  <testcase classname="Runner.LoginRunner" name="runScenario" time="24.963"/>
  <system-out/>
</testsuite> <!-- Runner.LoginRunner -->
